<?xml version="1.0" encoding="UTF-8" standalone="no"?>
<!DOCTYPE log SYSTEM "logger.dtd">
<log>
<record>
  <date>2023-04-26T10:10:40.952638800Z</date>
  <millis>1682503840952</millis>
  <nanos>638800</nanos>
  <sequence>0</sequence>
  <logger>server.Log</logger>
  <level>INFO</level>
  <class>server.Connections.Connection</class>
  <method>start</method>
  <thread>1</thread>
  <message>Server started datagram channel: sun.nio.ch.DatagramChannelImpl@68ceda24</message>
</record>
<record>
  <date>2023-04-26T10:10:44.401146800Z</date>
  <millis>1682503844401</millis>
  <nanos>146800</nanos>
  <sequence>1</sequence>
  <logger>server.Log</logger>
  <level>INFO</level>
  <class>server.Connections.ServerHandler</class>
  <method>run</method>
  <thread>18</thread>
  <message>Cached Pool got new submit</message>
</record>
<record>
  <date>2023-04-26T10:10:44.432427300Z</date>
  <millis>1682503844432</millis>
  <nanos>427300</nanos>
  <sequence>2</sequence>
  <logger>server.Log</logger>
  <level>INFO</level>
  <class>Command.CommandExecutor</class>
  <method>execute</method>
  <thread>18</thread>
  <message>Received command Command.Commands.Help@36b2d647 from /172.28.30.61:65234</message>
</record>
<record>
  <date>2023-04-26T10:10:44.449724100Z</date>
  <millis>1682503844449</millis>
  <nanos>724100</nanos>
  <sequence>3</sequence>
  <logger>server.Log</logger>
  <level>INFO</level>
  <class>Command.CommandExecutor</class>
  <method>execute</method>
  <thread>18</thread>
  <message>Sending 3 chunks to /172.28.30.61:65234</message>
</record>
<record>
  <date>2023-04-26T10:10:46.651054600Z</date>
  <millis>1682503846651</millis>
  <nanos>54600</nanos>
  <sequence>4</sequence>
  <logger>server.Log</logger>
  <level>INFO</level>
  <class>server.Connections.ServerHandler</class>
  <method>run</method>
  <thread>18</thread>
  <message>Cached Pool got new submit</message>
</record>
<record>
  <date>2023-04-26T10:10:46.653159700Z</date>
  <millis>1682503846653</millis>
  <nanos>159700</nanos>
  <sequence>5</sequence>
  <logger>server.Log</logger>
  <level>INFO</level>
  <class>Command.CommandExecutor</class>
  <method>execute</method>
  <thread>18</thread>
  <message>Received command Command.Commands.Info@258fd079 from /172.28.30.61:65234</message>
</record>
<record>
  <date>2023-04-26T10:10:46.653159700Z</date>
  <millis>1682503846653</millis>
  <nanos>159700</nanos>
  <sequence>6</sequence>
  <logger>server.Log</logger>
  <level>INFO</level>
  <class>Command.CommandExecutor</class>
  <method>execute</method>
  <thread>18</thread>
  <message>Sending 1 chunks to /172.28.30.61:65234</message>
</record>
</log>
